B0-INPUT:[];
B0-OUTPUT:[n, s, i];
B1-INPUT:[n, s, i];
B1-OUTPUT:[n, s, i];
B2-INPUT:[n, s, i];
B2-OUTPUT:[n, s, i];
B3-INPUT:[n, s, i];
B3-OUTPUT:[n, s, i];
B4-INPUT:[n, s, i];
B4-OUTPUT:[n, s, i];
B5-INPUT:[n, s, i];
B5-OUTPUT:[n, s, i];
B6-INPUT:[n, s, i];
B6-OUTPUT:[n, s, i];
B7-INPUT:[n, s, i];
B7-OUTPUT:[n, s, i];
B0-INPUT:[];
B0-OUTPUT:[n, s];
B1-INPUT:[n, s];
B1-OUTPUT:[n, s];
B2-INPUT:[n, s];
B2-OUTPUT:[n, s];
B3-INPUT:[n, s];
B3-OUTPUT:[n, s];
B4-INPUT:[n, s];
B4-OUTPUT:[n, s];
B5-INPUT:[n, s];
B5-OUTPUT:[n, s];
